2023-06-26 09:56:39,638 - INFO - Data fetched successfully
2023-06-26 09:56:39,642 - ERROR - Failed to fetch and save data: [Errno 2] No such file or directory: 'Documents/Omni Agoras Balance Tracking/data/omni_extracted.csv'
2023-06-26 10:02:48,763 - INFO - Data fetched successfully
2023-06-26 10:02:48,764 - ERROR - Failed to fetch and save data: [Errno 2] No such file or directory: 'Documents/Omni Agoras Balance Tracking/data/omni_extracted.csv'
2023-06-26 10:05:42,408 - INFO - Data fetched successfully
2023-06-26 10:05:42,512 - INFO - Data saved to output.csv successfully
2023-06-26 10:15:39,949 - INFO - Data fetched successfully
2023-06-26 10:15:40,064 - INFO - Data saved to output.csv successfully
2023-06-26 19:39:33,059 - INFO - Data fetched successfully
2023-06-26 19:39:33,062 - ERROR - Failed to fetch and save data: Cannot save file into a non-existent directory: '/home/rita/Documents/OmniAgorasBalanceTracking/data'
2023-06-26 19:41:33,319 - INFO - Data fetched successfully
2023-06-26 19:41:33,322 - ERROR - Failed to fetch and save data: Cannot save file into a non-existent directory: '/home/rita/Documents/OmniAgorasBalanceTracking/data'
2023-06-26 19:44:15,816 - INFO - Data fetched successfully
2023-06-26 19:44:15,819 - ERROR - Failed to fetch and save data: Cannot save file into a non-existent directory: '/home/rita/Documents/OmniAgorasBalanceTracking/data'
2023-06-27 07:44:17,695 - INFO - Data fetched successfully
2023-06-27 07:44:17,707 - ERROR - Failed to fetch and save data: Cannot save file into a non-existent directory: '/home/rita/Documents/OmniAgorasBalanceTracking/data'
2023-06-27 19:44:19,316 - INFO - Data fetched successfully
2023-06-27 19:44:19,328 - ERROR - Failed to fetch and save data: Cannot save file into a non-existent directory: '/home/rita/Documents/OmniAgorasBalanceTracking/data'
2023-06-27 20:52:22,301 - INFO - Data fetched successfully
2023-06-27 20:52:22,304 - ERROR - Failed to fetch and save data: Cannot save file into a non-existent directory: 'Documents/OmniAgorasBalanceTracking/data'
2023-06-27 22:49:33,201 - INFO - Data fetched successfully
2023-06-27 22:49:33,204 - ERROR - Failed to fetch and save data: Cannot save file into a non-existent directory: 'omni_agoras_app/OmniAgorasBalanceTracking/data'
2023-06-27 23:05:55,697 - INFO - Data fetched successfully
2023-06-27 23:05:55,755 - INFO - Data saved to output.csv successfully
2023-06-28 12:12:17,711 - INFO - Data fetched successfully
2023-06-28 12:12:17,786 - INFO - Data saved to output.csv successfully
2023-06-28 13:04:49,909 - INFO - Data fetched successfully
2023-06-28 13:04:49,993 - INFO - Data saved to output.csv successfully
2023-06-29 00:12:20,110 - INFO - Data fetched successfully
2023-06-29 00:12:20,247 - INFO - Data saved to output.csv successfully
2023-06-29 01:04:52,419 - INFO - Data fetched successfully
2023-06-29 01:04:52,639 - INFO - Data saved to output.csv successfully
2023-06-29 13:04:54,076 - INFO - Data fetched successfully
2023-06-29 13:04:54,241 - INFO - Data saved to output.csv successfully
2023-06-30 01:04:56,795 - INFO - Data fetched successfully
2023-06-30 01:04:57,001 - INFO - Data saved to output.csv successfully
2023-06-30 13:04:59,318 - INFO - Data fetched successfully
2023-06-30 13:04:59,520 - INFO - Data saved to output.csv successfully
2023-07-01 01:05:01,253 - INFO - Data fetched successfully
2023-07-01 01:05:01,573 - INFO - Data saved to output.csv successfully
2023-07-01 13:05:03,089 - INFO - Data fetched successfully
2023-07-01 13:05:03,349 - INFO - Data saved to output.csv successfully
2023-07-02 01:05:05,272 - INFO - Data fetched successfully
2023-07-02 01:05:05,568 - INFO - Data saved to output.csv successfully
2023-07-02 13:05:07,528 - INFO - Data fetched successfully
2023-07-02 13:05:07,836 - INFO - Data saved to output.csv successfully
2023-07-02 23:13:32,205 - INFO - Data fetched successfully
2023-07-02 23:13:32,435 - INFO - Data saved to output.csv successfully
2023-07-03 01:05:10,024 - INFO - Data fetched successfully
2023-07-03 01:05:10,266 - INFO - Data saved to output.csv successfully
2023-07-03 11:13:34,735 - INFO - Data fetched successfully
2023-07-03 11:13:35,160 - INFO - Data saved to output.csv successfully
2023-07-03 13:05:12,168 - INFO - Data fetched successfully
2023-07-03 13:05:12,490 - INFO - Data saved to output.csv successfully
2023-07-03 23:13:37,166 - INFO - Data fetched successfully
2023-07-03 23:13:37,542 - INFO - Data saved to output.csv successfully
2023-07-04 01:05:14,174 - INFO - Data fetched successfully
2023-07-04 01:05:14,518 - INFO - Data saved to output.csv successfully
2023-07-04 11:13:39,601 - INFO - Data fetched successfully
2023-07-04 11:13:39,971 - INFO - Data saved to output.csv successfully
2023-07-04 23:13:42,016 - INFO - Data fetched successfully
2023-07-04 23:13:42,377 - INFO - Data saved to output.csv successfully
2023-07-05 11:13:43,870 - INFO - Data fetched successfully
2023-07-05 11:13:44,214 - INFO - Data saved to output.csv successfully
2023-07-05 23:13:46,100 - INFO - Data fetched successfully
2023-07-05 23:13:46,543 - INFO - Data saved to output.csv successfully
2023-07-06 11:13:47,909 - INFO - Data fetched successfully
2023-07-06 11:13:48,322 - INFO - Data saved to output.csv successfully
2023-07-06 23:13:50,543 - INFO - Data fetched successfully
2023-07-06 23:13:50,964 - INFO - Data saved to output.csv successfully
2023-07-07 11:13:53,237 - INFO - Data fetched successfully
2023-07-07 11:13:53,664 - INFO - Data saved to output.csv successfully
2023-07-07 23:13:56,326 - INFO - Data fetched successfully
2023-07-07 23:13:56,793 - INFO - Data saved to output.csv successfully
2023-07-08 11:14:03,940 - INFO - Data fetched successfully
2023-07-08 11:14:04,467 - INFO - Data saved to output.csv successfully
2023-07-08 23:14:06,122 - INFO - Data fetched successfully
2023-07-08 23:14:06,595 - INFO - Data saved to output.csv successfully
2023-07-09 11:14:13,991 - INFO - Data fetched successfully
2023-07-09 11:14:14,493 - INFO - Data saved to output.csv successfully
2023-07-09 23:14:16,305 - INFO - Data fetched successfully
2023-07-09 23:14:16,808 - INFO - Data saved to output.csv successfully
2023-07-10 11:14:19,196 - INFO - Data fetched successfully
2023-07-10 11:14:19,785 - INFO - Data saved to output.csv successfully
2023-07-10 23:14:22,373 - INFO - Data fetched successfully
2023-07-10 23:14:22,914 - INFO - Data saved to output.csv successfully
2023-07-11 11:14:24,108 - INFO - Data fetched successfully
2023-07-11 11:14:24,796 - INFO - Data saved to output.csv successfully
2023-07-11 23:14:27,163 - INFO - Data fetched successfully
2023-07-11 23:14:27,711 - INFO - Data saved to output.csv successfully
2023-07-12 11:14:29,193 - INFO - Data fetched successfully
2023-07-12 11:14:29,752 - INFO - Data saved to output.csv successfully
